Arguments: 
  /usr/local/bin/node /usr/local/Cellar/yarn/1.22.4/libexec/bin/yarn.js add postcss-assets --save

PATH: 
  /usr/local/bin:/usr/bin:/bin:/usr/sbin:/sbin:/Applications/Wireshark.app/Contents/MacOS:/Applications/Postgres.app/Contents/Versions/latest/bin

Yarn version: 
  1.22.4

Node version: 
  12.16.3

Platform: 
  darwin x64

Trace: 
  Error: ENOENT: no such file or directory, chmod '/Volumes/Data/DailySocial/trikinet/node_modules/scheduler/node_modules/.bin/loose-envify'

npm manifest: 
  {
    "name": "trikinet",
    "version": "1.0.0",
    "description": "",
    "main": "index.js",
    "scripts": {
      "dev": "next",
      "build": "next build",
      "start": "next start"
    },
    "keywords": [],
    "author": "",
    "license": "ISC",
    "dependencies": {
      "axios": "^0.21.1",
      "next": "^10.0.7",
      "postcss-flexbugs-fixes": "^5.0.2",
      "postcss-preset-env": "^6.7.0",
      "react": "^17.0.1",
      "react-dom": "^17.0.1",
      "react-redux": "^7.2.2",
      "redux": "^4.0.5",
      "redux-devtools-extension": "^2.13.8",
      "redux-saga": "^1.1.3",
      "sass": "^1.32.8"
    },
    "devDependencies": {
      "@fullhuman/postcss-purgecss": "^4.0.2",
      "jest": "^26.6.3",
      "postcss": "^8.2.6"
    }
  }

yarn manifest: 
  No manifest

Lockfile: 
  No lockfile
